<?xml version="1.0" encoding="UTF-8"?>
<coverage generated="1567119510529" clover="3.2.0">
  <project timestamp="1567119510529" name="All files">
    <metrics statements="31" coveredstatements="31" conditionals="21" coveredconditionals="21" methods="6" coveredmethods="6" elements="58" coveredelements="58" complexity="0" loc="31" ncloc="31" packages="1" files="1" classes="1">
      <file name="index.js" path="/dados/programacao-2/reactJs/reactJs/react-ninja-fazendo/github-app-paginacao/src/utils/pagination/index.js">
        <metrics statements="31" coveredstatements="31" conditionals="21" coveredconditionals="21" methods="6" coveredmethods="6"/>
        <line num="3" count="1" type="stmt"/>
        <line num="4" count="42" type="cond" truecount="2" falsecount="0"/>
        <line num="11" count="41" type="stmt"/>
        <line num="13" count="1" type="cond" truecount="3" falsecount="0"/>
        <line num="14" count="21" type="cond" truecount="2" falsecount="0"/>
        <line num="15" count="1" type="stmt"/>
        <line num="18" count="20" type="cond" truecount="2" falsecount="0"/>
        <line num="19" count="1" type="stmt"/>
        <line num="22" count="19" type="cond" truecount="2" falsecount="0"/>
        <line num="23" count="10" type="stmt"/>
        <line num="26" count="14" type="stmt"/>
        <line num="27" count="14" type="stmt"/>
        <line num="29" count="42" type="stmt"/>
        <line num="33" count="70" type="stmt"/>
        <line num="35" count="14" type="stmt"/>
        <line num="36" count="14" type="stmt"/>
        <line num="38" count="14" type="cond" truecount="2" falsecount="0"/>
        <line num="39" count="2" type="stmt"/>
        <line num="47" count="14" type="stmt"/>
        <line num="48" count="14" type="stmt"/>
        <line num="50" count="14" type="cond" truecount="2" falsecount="0"/>
        <line num="51" count="6" type="stmt"/>
        <line num="59" count="14" type="stmt"/>
        <line num="60" count="14" type="stmt"/>
        <line num="62" count="14" type="cond" truecount="2" falsecount="0"/>
        <line num="63" count="2" type="stmt"/>
        <line num="72" count="14" type="stmt"/>
        <line num="73" count="14" type="stmt"/>
        <line num="75" count="14" type="cond" truecount="2" falsecount="0"/>
        <line num="76" count="6" type="stmt"/>
        <line num="83" count="14" type="stmt"/>
      </file>
    </metrics>
  </project>
</coverage>
